[2023-04-12 18:28:41,632] {taskinstance.py:1032} INFO - Dependencies all met for <TaskInstance: SP_500_DATA_PIPELINE_v1.transform_data_task manual__2023-04-12T18:19:27.143756+00:00 [queued]>
[2023-04-12 18:28:41,680] {taskinstance.py:1032} INFO - Dependencies all met for <TaskInstance: SP_500_DATA_PIPELINE_v1.transform_data_task manual__2023-04-12T18:19:27.143756+00:00 [queued]>
[2023-04-12 18:28:41,682] {taskinstance.py:1238} INFO - 
--------------------------------------------------------------------------------
[2023-04-12 18:28:41,683] {taskinstance.py:1239} INFO - Starting attempt 1 of 3
[2023-04-12 18:28:41,688] {taskinstance.py:1240} INFO - 
--------------------------------------------------------------------------------
[2023-04-12 18:28:41,746] {taskinstance.py:1259} INFO - Executing <Task(PythonOperator): transform_data_task> on 2023-04-12 18:19:27.143756+00:00
[2023-04-12 18:28:41,758] {standard_task_runner.py:52} INFO - Started process 1273 to run task
[2023-04-12 18:28:41,766] {standard_task_runner.py:76} INFO - Running: ['***', 'tasks', 'run', 'SP_500_DATA_PIPELINE_v1', 'transform_data_task', 'manual__2023-04-12T18:19:27.143756+00:00', '--job-id', '212', '--raw', '--subdir', 'DAGS_FOLDER/sp_500_data_processing_dag.py', '--cfg-path', '/tmp/tmp1woy5ff1', '--error-file', '/tmp/tmpi80q7_kj']
[2023-04-12 18:28:41,769] {standard_task_runner.py:77} INFO - Job 212: Subtask transform_data_task
[2023-04-12 18:28:41,936] {logging_mixin.py:109} INFO - Running <TaskInstance: SP_500_DATA_PIPELINE_v1.transform_data_task manual__2023-04-12T18:19:27.143756+00:00 [running]> on host 7b33c6d8ff37
[2023-04-12 18:28:42,103] {taskinstance.py:1426} INFO - Exporting the following env vars:
AIRFLOW_CTX_DAG_EMAIL=
AIRFLOW_CTX_DAG_OWNER=me
AIRFLOW_CTX_DAG_ID=SP_500_DATA_PIPELINE_v1
AIRFLOW_CTX_TASK_ID=transform_data_task
AIRFLOW_CTX_EXECUTION_DATE=2023-04-12T18:19:27.143756+00:00
AIRFLOW_CTX_DAG_RUN_ID=manual__2023-04-12T18:19:27.143756+00:00
[2023-04-12 18:48:50,558] {local_task_job.py:212} WARNING - State of this instance has been externally set to up_for_retry. Terminating instance.
[2023-04-12 18:48:51,115] {process_utils.py:124} INFO - Sending Signals.SIGTERM to group 1273. PIDs of all processes in the group: [1275, 1273]
[2023-04-12 18:48:51,148] {process_utils.py:75} INFO - Sending the signal Signals.SIGTERM to group 1273
[2023-04-12 18:48:51,203] {taskinstance.py:1408} ERROR - Received SIGTERM. Terminating subprocesses.
[2023-04-12 18:48:51,281] {clientserver.py:502} INFO - Error while receiving.
Traceback (most recent call last):
  File "/opt/spark/python/lib/py4j-0.10.9.3-src.zip/py4j/clientserver.py", line 475, in send_command
    answer = smart_decode(self.stream.readline()[:-1])
  File "/usr/local/lib/python3.7/socket.py", line 589, in readinto
    return self._sock.recv_into(b)
  File "/home/airflow/.local/lib/python3.7/site-packages/airflow/models/taskinstance.py", line 1410, in signal_handler
    raise AirflowException("Task received SIGTERM signal")
airflow.exceptions.AirflowException: Task received SIGTERM signal
[2023-04-12 18:48:51,506] {clientserver.py:507} INFO - Closing down clientserver connection
[2023-04-12 18:48:51,520] {java_gateway.py:1056} ERROR - Exception while sending command.
Traceback (most recent call last):
  File "/opt/spark/python/lib/py4j-0.10.9.3-src.zip/py4j/clientserver.py", line 475, in send_command
    answer = smart_decode(self.stream.readline()[:-1])
  File "/usr/local/lib/python3.7/socket.py", line 589, in readinto
    return self._sock.recv_into(b)
  File "/home/airflow/.local/lib/python3.7/site-packages/airflow/models/taskinstance.py", line 1410, in signal_handler
    raise AirflowException("Task received SIGTERM signal")
airflow.exceptions.AirflowException: Task received SIGTERM signal

During handling of the above exception, another exception occurred:

Traceback (most recent call last):
  File "/opt/spark/python/lib/py4j-0.10.9.3-src.zip/py4j/java_gateway.py", line 1038, in send_command
    response = connection.send_command(command)
  File "/opt/spark/python/lib/py4j-0.10.9.3-src.zip/py4j/clientserver.py", line 504, in send_command
    "Error while sending or receiving", e, proto.ERROR_ON_RECEIVE)
py4j.protocol.Py4JNetworkError: Error while sending or receiving
[2023-04-12 18:48:51,749] {stock_data_transform.py:134} ERROR - An error occurred during transformation: An error occurred while calling o283.csv
[2023-04-12 18:54:38,466] {clientserver.py:502} INFO - Error while receiving.
Traceback (most recent call last):
  File "/opt/spark/python/lib/py4j-0.10.9.3-src.zip/py4j/clientserver.py", line 480, in send_command
    raise Py4JNetworkError("Answer from Java side is empty")
py4j.protocol.Py4JNetworkError: Answer from Java side is empty
[2023-04-12 18:54:38,487] {clientserver.py:507} INFO - Closing down clientserver connection
[2023-04-12 18:54:38,499] {java_gateway.py:1056} ERROR - Exception while sending command.
Traceback (most recent call last):
  File "/opt/spark/python/lib/py4j-0.10.9.3-src.zip/py4j/clientserver.py", line 480, in send_command
    raise Py4JNetworkError("Answer from Java side is empty")
py4j.protocol.Py4JNetworkError: Answer from Java side is empty

During handling of the above exception, another exception occurred:

Traceback (most recent call last):
  File "/opt/spark/python/lib/py4j-0.10.9.3-src.zip/py4j/java_gateway.py", line 1038, in send_command
    response = connection.send_command(command)
  File "/opt/spark/python/lib/py4j-0.10.9.3-src.zip/py4j/clientserver.py", line 504, in send_command
    "Error while sending or receiving", e, proto.ERROR_ON_RECEIVE)
py4j.protocol.Py4JNetworkError: Error while sending or receiving
[2023-04-12 18:54:38,541] {warnings.py:110} WARNING - /opt/spark/python/pyspark/context.py:472: RuntimeWarning: Unable to cleanly shutdown Spark JVM process. It is possible that the process has crashed, been killed or may also be in a zombie state.
  RuntimeWarning

[2023-04-12 18:54:39,016] {clientserver.py:507} INFO - Closing down clientserver connection
[2023-04-12 18:54:39,022] {taskinstance.py:1700} ERROR - Task failed with exception
Traceback (most recent call last):
  File "/home/airflow/.local/lib/python3.7/site-packages/airflow/models/taskinstance.py", line 1329, in _run_raw_task
    self._execute_task_with_callbacks(context)
  File "/home/airflow/.local/lib/python3.7/site-packages/airflow/models/taskinstance.py", line 1455, in _execute_task_with_callbacks
    result = self._execute_task(context, self.task)
  File "/home/airflow/.local/lib/python3.7/site-packages/airflow/models/taskinstance.py", line 1511, in _execute_task
    result = execute_callable(context=context)
  File "/home/airflow/.local/lib/python3.7/site-packages/airflow/operators/python.py", line 174, in execute
    return_value = self.execute_callable()
  File "/home/airflow/.local/lib/python3.7/site-packages/airflow/operators/python.py", line 185, in execute_callable
    return self.python_callable(*self.op_args, **self.op_kwargs)
  File "/opt/airflow/dags/stock_data_transform.py", line 139, in transform_stock_data
    spark.stop()
  File "/opt/spark/python/pyspark/sql/session.py", line 800, in stop
    self._jvm.SparkSession.clearDefaultSession()
  File "/opt/spark/python/lib/py4j-0.10.9.3-src.zip/py4j/java_gateway.py", line 1712, in __getattr__
    "\n" + proto.END_COMMAND_PART)
  File "/opt/spark/python/lib/py4j-0.10.9.3-src.zip/py4j/java_gateway.py", line 1036, in send_command
    connection = self._get_connection()
  File "/opt/spark/python/lib/py4j-0.10.9.3-src.zip/py4j/clientserver.py", line 281, in _get_connection
    connection = self._create_new_connection()
  File "/opt/spark/python/lib/py4j-0.10.9.3-src.zip/py4j/clientserver.py", line 288, in _create_new_connection
    connection.connect_to_java_server()
  File "/opt/spark/python/lib/py4j-0.10.9.3-src.zip/py4j/clientserver.py", line 402, in connect_to_java_server
    self.socket.connect((self.java_address, self.java_port))
ConnectionRefusedError: [Errno 111] Connection refused
[2023-04-12 18:54:39,482] {clientserver.py:502} INFO - Error while receiving.
Traceback (most recent call last):
  File "/opt/spark/python/lib/py4j-0.10.9.3-src.zip/py4j/clientserver.py", line 480, in send_command
    raise Py4JNetworkError("Answer from Java side is empty")
py4j.protocol.Py4JNetworkError: Answer from Java side is empty
[2023-04-12 18:54:39,504] {clientserver.py:507} INFO - Closing down clientserver connection
[2023-04-12 18:54:39,510] {java_gateway.py:1056} ERROR - Exception while sending command.
Traceback (most recent call last):
  File "/opt/spark/python/lib/py4j-0.10.9.3-src.zip/py4j/clientserver.py", line 480, in send_command
    raise Py4JNetworkError("Answer from Java side is empty")
py4j.protocol.Py4JNetworkError: Answer from Java side is empty

During handling of the above exception, another exception occurred:

Traceback (most recent call last):
  File "/opt/spark/python/lib/py4j-0.10.9.3-src.zip/py4j/java_gateway.py", line 1038, in send_command
    response = connection.send_command(command)
  File "/opt/spark/python/lib/py4j-0.10.9.3-src.zip/py4j/clientserver.py", line 504, in send_command
    "Error while sending or receiving", e, proto.ERROR_ON_RECEIVE)
py4j.protocol.Py4JNetworkError: Error while sending or receiving
[2023-04-12 18:54:39,513] {clientserver.py:507} INFO - Closing down clientserver connection
[2023-04-12 18:54:39,527] {clientserver.py:507} INFO - Closing down clientserver connection
[2023-04-12 18:54:39,551] {clientserver.py:507} INFO - Closing down clientserver connection
[2023-04-12 18:54:39,558] {clientserver.py:507} INFO - Closing down clientserver connection
[2023-04-12 18:54:39,569] {clientserver.py:507} INFO - Closing down clientserver connection
[2023-04-12 18:54:39,572] {clientserver.py:507} INFO - Closing down clientserver connection
[2023-04-12 18:54:39,597] {clientserver.py:507} INFO - Closing down clientserver connection
[2023-04-12 18:54:39,611] {clientserver.py:507} INFO - Closing down clientserver connection
[2023-04-12 18:54:39,621] {clientserver.py:507} INFO - Closing down clientserver connection
[2023-04-12 18:54:39,632] {clientserver.py:507} INFO - Closing down clientserver connection
[2023-04-12 18:54:39,639] {clientserver.py:507} INFO - Closing down clientserver connection
[2023-04-12 18:54:39,644] {clientserver.py:507} INFO - Closing down clientserver connection
[2023-04-12 18:54:39,649] {clientserver.py:507} INFO - Closing down clientserver connection
[2023-04-12 18:54:39,653] {clientserver.py:507} INFO - Closing down clientserver connection
[2023-04-12 18:54:39,618] {taskinstance.py:1277} INFO - Marking task as UP_FOR_RETRY. dag_id=SP_500_DATA_PIPELINE_v1, task_id=transform_data_task, execution_date=20230412T181927, start_date=20230412T182841, end_date=20230412T185439
[2023-04-12 18:54:39,659] {clientserver.py:507} INFO - Closing down clientserver connection
[2023-04-12 18:54:39,683] {clientserver.py:507} INFO - Closing down clientserver connection
[2023-04-12 18:54:39,694] {clientserver.py:507} INFO - Closing down clientserver connection
[2023-04-12 18:54:39,705] {clientserver.py:507} INFO - Closing down clientserver connection
[2023-04-12 18:54:39,713] {clientserver.py:507} INFO - Closing down clientserver connection
[2023-04-12 18:54:39,717] {clientserver.py:507} INFO - Closing down clientserver connection
[2023-04-12 18:54:39,734] {clientserver.py:507} INFO - Closing down clientserver connection
[2023-04-12 18:54:39,740] {clientserver.py:507} INFO - Closing down clientserver connection
[2023-04-12 18:54:39,743] {clientserver.py:507} INFO - Closing down clientserver connection
[2023-04-12 18:54:39,763] {clientserver.py:507} INFO - Closing down clientserver connection
[2023-04-12 18:54:39,769] {clientserver.py:507} INFO - Closing down clientserver connection
[2023-04-12 18:54:39,773] {clientserver.py:507} INFO - Closing down clientserver connection
[2023-04-12 18:54:39,801] {clientserver.py:507} INFO - Closing down clientserver connection
[2023-04-12 18:54:39,805] {clientserver.py:507} INFO - Closing down clientserver connection
[2023-04-12 18:54:39,808] {clientserver.py:507} INFO - Closing down clientserver connection
[2023-04-12 18:54:39,827] {clientserver.py:507} INFO - Closing down clientserver connection
[2023-04-12 18:54:39,844] {clientserver.py:507} INFO - Closing down clientserver connection
[2023-04-12 18:54:39,865] {clientserver.py:507} INFO - Closing down clientserver connection
[2023-04-12 18:54:39,876] {clientserver.py:507} INFO - Closing down clientserver connection
[2023-04-12 18:54:39,880] {clientserver.py:507} INFO - Closing down clientserver connection
[2023-04-12 18:54:39,887] {clientserver.py:507} INFO - Closing down clientserver connection
[2023-04-12 18:54:39,894] {clientserver.py:507} INFO - Closing down clientserver connection
[2023-04-12 18:54:39,904] {clientserver.py:507} INFO - Closing down clientserver connection
[2023-04-12 18:54:39,930] {clientserver.py:507} INFO - Closing down clientserver connection
[2023-04-12 18:54:39,937] {clientserver.py:507} INFO - Closing down clientserver connection
[2023-04-12 18:54:39,943] {clientserver.py:507} INFO - Closing down clientserver connection
[2023-04-12 18:54:39,955] {clientserver.py:507} INFO - Closing down clientserver connection
[2023-04-12 18:54:39,972] {clientserver.py:507} INFO - Closing down clientserver connection
[2023-04-12 18:54:39,981] {clientserver.py:507} INFO - Closing down clientserver connection
[2023-04-12 18:54:39,996] {clientserver.py:507} INFO - Closing down clientserver connection
[2023-04-12 18:54:40,016] {clientserver.py:507} INFO - Closing down clientserver connection
[2023-04-12 18:54:40,034] {clientserver.py:507} INFO - Closing down clientserver connection
[2023-04-12 18:54:40,042] {clientserver.py:507} INFO - Closing down clientserver connection
[2023-04-12 18:54:40,045] {clientserver.py:507} INFO - Closing down clientserver connection
[2023-04-12 18:54:40,053] {clientserver.py:507} INFO - Closing down clientserver connection
[2023-04-12 18:54:40,057] {clientserver.py:507} INFO - Closing down clientserver connection
[2023-04-12 18:54:40,072] {clientserver.py:507} INFO - Closing down clientserver connection
[2023-04-12 18:54:40,076] {clientserver.py:507} INFO - Closing down clientserver connection
[2023-04-12 18:54:40,078] {clientserver.py:507} INFO - Closing down clientserver connection
[2023-04-12 18:54:40,093] {clientserver.py:507} INFO - Closing down clientserver connection
[2023-04-12 18:54:40,101] {clientserver.py:507} INFO - Closing down clientserver connection
[2023-04-12 18:54:40,109] {clientserver.py:507} INFO - Closing down clientserver connection
[2023-04-12 18:54:40,120] {clientserver.py:507} INFO - Closing down clientserver connection
[2023-04-12 18:54:40,130] {clientserver.py:507} INFO - Closing down clientserver connection
[2023-04-12 18:54:40,134] {clientserver.py:507} INFO - Closing down clientserver connection
[2023-04-12 18:54:40,150] {clientserver.py:507} INFO - Closing down clientserver connection
[2023-04-12 18:54:40,154] {clientserver.py:507} INFO - Closing down clientserver connection
[2023-04-12 18:54:40,172] {clientserver.py:507} INFO - Closing down clientserver connection
[2023-04-12 18:54:40,179] {clientserver.py:507} INFO - Closing down clientserver connection
[2023-04-12 18:54:40,182] {clientserver.py:507} INFO - Closing down clientserver connection
[2023-04-12 18:54:40,193] {clientserver.py:507} INFO - Closing down clientserver connection
[2023-04-12 18:54:40,308] {standard_task_runner.py:92} ERROR - Failed to execute job 212 for task transform_data_task
Traceback (most recent call last):
  File "/home/airflow/.local/lib/python3.7/site-packages/airflow/task/task_runner/standard_task_runner.py", line 85, in _start_by_fork
    args.func(args, dag=self.dag)
  File "/home/airflow/.local/lib/python3.7/site-packages/airflow/cli/cli_parser.py", line 48, in command
    return func(*args, **kwargs)
  File "/home/airflow/.local/lib/python3.7/site-packages/airflow/utils/cli.py", line 92, in wrapper
    return f(*args, **kwargs)
  File "/home/airflow/.local/lib/python3.7/site-packages/airflow/cli/commands/task_command.py", line 298, in task_run
    _run_task_by_selected_method(args, dag, ti)
  File "/home/airflow/.local/lib/python3.7/site-packages/airflow/cli/commands/task_command.py", line 107, in _run_task_by_selected_method
    _run_raw_task(args, ti)
  File "/home/airflow/.local/lib/python3.7/site-packages/airflow/cli/commands/task_command.py", line 184, in _run_raw_task
    error_file=args.error_file,
  File "/home/airflow/.local/lib/python3.7/site-packages/airflow/utils/session.py", line 70, in wrapper
    return func(*args, session=session, **kwargs)
  File "/home/airflow/.local/lib/python3.7/site-packages/airflow/models/taskinstance.py", line 1329, in _run_raw_task
    self._execute_task_with_callbacks(context)
  File "/home/airflow/.local/lib/python3.7/site-packages/airflow/models/taskinstance.py", line 1455, in _execute_task_with_callbacks
    result = self._execute_task(context, self.task)
  File "/home/airflow/.local/lib/python3.7/site-packages/airflow/models/taskinstance.py", line 1511, in _execute_task
    result = execute_callable(context=context)
  File "/home/airflow/.local/lib/python3.7/site-packages/airflow/operators/python.py", line 174, in execute
    return_value = self.execute_callable()
  File "/home/airflow/.local/lib/python3.7/site-packages/airflow/operators/python.py", line 185, in execute_callable
    return self.python_callable(*self.op_args, **self.op_kwargs)
  File "/opt/airflow/dags/stock_data_transform.py", line 139, in transform_stock_data
    spark.stop()
  File "/opt/spark/python/pyspark/sql/session.py", line 800, in stop
    self._jvm.SparkSession.clearDefaultSession()
  File "/opt/spark/python/lib/py4j-0.10.9.3-src.zip/py4j/java_gateway.py", line 1712, in __getattr__
    "\n" + proto.END_COMMAND_PART)
  File "/opt/spark/python/lib/py4j-0.10.9.3-src.zip/py4j/java_gateway.py", line 1036, in send_command
    connection = self._get_connection()
  File "/opt/spark/python/lib/py4j-0.10.9.3-src.zip/py4j/clientserver.py", line 281, in _get_connection
    connection = self._create_new_connection()
  File "/opt/spark/python/lib/py4j-0.10.9.3-src.zip/py4j/clientserver.py", line 288, in _create_new_connection
    connection.connect_to_java_server()
  File "/opt/spark/python/lib/py4j-0.10.9.3-src.zip/py4j/clientserver.py", line 402, in connect_to_java_server
    self.socket.connect((self.java_address, self.java_port))
ConnectionRefusedError: [Errno 111] Connection refused
[2023-04-12 18:54:40,556] {process_utils.py:70} INFO - Process psutil.Process(pid=1275, status='terminated', started='18:28:41') (1275) terminated with exit code None
[2023-04-12 18:54:40,610] {process_utils.py:70} INFO - Process psutil.Process(pid=1273, status='terminated', exitcode=1, started='18:28:40') (1273) terminated with exit code 1
[2023-04-12 18:54:40,681] {local_task_job.py:142} ERROR - Heartbeat time limit exceeded!
